Arguments: 
  C:\Users\Henri Nicholli Munoz\AppData\Roaming\nvm\v19.2.0\node.exe C:\Program Files (x86)\Yarn\bin\yarn.js sample

PATH: 
  C:\Users\Henri Nicholli Munoz\bin;C:\Program Files\Git\mingw64\bin;C:\Program Files\Git\usr\local\bin;C:\Program Files\Git\usr\bin;C:\Program Files\Git\usr\bin;C:\Program Files\Git\cmd;C:\Python310\Scripts;C:\Python310;C:\Program Files\Eclipse Foundation\jdk-8.0.302.8-hotspot\bin;C:\Python38\Scripts;C:\Python38;C:\Program Files\Microsoft MPI\Bin;C:\Windows\system32;C:\Windows;C:\Windows\System32\Wbem;C:\Windows\System32\WindowsPowerShell\v1.0;C:\Windows\System32\OpenSSH;C:\Program Files (x86)\NVIDIA Corporation\PhysX\Common;C:\Program Files\NVIDIA Corporation\NVIDIA NvDLISR;C:\Program Files (x86)\GtkSharp\2.12\bin;C:\Program Files (x86)\Microsoft SQL Server\80\Tools\Binn;C:\Program Files (x86)\Microsoft SQL Server\90\DTS\Binn;C:\Program Files\Microsoft SQL Server\Client SDK\ODBC\130\Tools\Binn;C:\Program Files (x86)\Microsoft SQL Server\140\Tools\Binn;C:\Program Files\Microsoft SQL Server\140\Tools\Binn;C:\Program Files\Microsoft SQL Server\140\DTS\Binn;C:\Program Files (x86)\Microsoft SQL Server\100\Tools\Binn;C:\Program Files\Microsoft SQL Server\100\Tools\Binn;C:\Program Files\Microsoft SQL Server\100\DTS\Binn;C:\Program Files (x86)\Microsoft SQL Server\100\Tools\Binn\VSShell\Common7\IDE;C:\Program Files (x86)\Microsoft Visual Studio 9.0\Common7\IDE\PrivateAssemblies;C:\Program Files (x86)\Microsoft SQL Server\100\DTS\Binn;C:\Program Files\Microsoft SQL Server\130\Tools\Binn;C:\Program Files\dotnet;C:\Program Files (x86)\Microsoft SQL Server\150\DTS\Binn;C:\WINDOWS\system32;C:\WINDOWS;C:\WINDOWS\System32\Wbem;C:\WINDOWS\System32\WindowsPowerShell\v1.0;C:\WINDOWS\System32\OpenSSH;C:\Program Files\Microsoft SQL Server\Client SDK\ODBC\170\Tools\Binn;C:\ProgramData\chocolatey\bin;C:\Program Files (x86)\Yarn\bin;C:\Program Files\Microsoft SQL Server\110\Tools\Binn;%NVM_HOME%;%NVM_SYMLINK%;C:\Program Files\Git\cmd;C:\Program Files\Docker\Docker\resources\bin;C:\Program Files\MySQL\MySQL Shell 8.0\bin;C:\Users\Henri Nicholli Munoz\AppData\Local\Microsoft\WindowsApps;C:\Program Files (x86)\Sophos\Sophos SSL VPN Client\bin;C:\Users\Henri Nicholli Munoz\.dotnet\tools;C:\Users\Henri Nicholli Munoz\AppData\Local\Programs\Microsoft VS Code\bin;C:\Users\Henri Nicholli Munoz\AppData\Local\Yarn\bin;C:\Program Files\MongoDB\Server\4.2\bin;C:\Users\Henri Nicholli Munoz\.dotnet\tools;C:\Users\Henri Nicholli Munoz\AppData\Roaming\nvm;C:\Program Files\nodejs;C:\Program Files\heroku\bin;C:\Users\Henri Nicholli Munoz\AppData\Local\Programs\Hyper\resources\bin;C:\Program Files\Git\usr\bin\vendor_perl;C:\Program Files\Git\usr\bin\core_perl

Yarn version: 
  1.22.4

Node version: 
  19.2.0

Platform: 
  win32 x64

Trace: 
  SyntaxError: D:\Projects\RubyRailsGrind\RailsReactInjection\React\package.json: Expected double-quoted property name in JSON at position 461
      at JSON.parse (<anonymous>)
      at C:\Program Files (x86)\Yarn\lib\cli.js:1625:59
      at Generator.next (<anonymous>)
      at step (C:\Program Files (x86)\Yarn\lib\cli.js:310:30)
      at C:\Program Files (x86)\Yarn\lib\cli.js:321:13

npm manifest: 
  {
    "name": "rails-react-injection",
    "version": "1.0.0",
    "description": "React Rails Injection",
    "main": "index.js",
    "scripts": {
      "test": "echo \"Error: no test specified\" && exit 1",
      "web:dev": "webpack serve  --config config/mode/webpack.dev.js --mode development --hot",
      "build:prod": "webpack --config config/mode/webpack.prod.js --mode production ",
      "sample": "webpack --config config/mode/webpack.config.js --mode production ",
    },
    "author": "Henri Nicholli Munoz",
    "license": "ISC",
    "devDependencies": {
      "@babel/core": "^7.21.4",
      "@babel/eslint-parser": "^7.21.3",
      "@babel/plugin-proposal-class-properties": "^7.18.6",
      "@babel/plugin-proposal-pipeline-operator": "^7.18.9",
      "@babel/preset-env": "^7.21.4",
      "@babel/preset-react": "^7.18.6",
      "@babel/preset-typescript": "^7.21.4",
      "@types/react": "^18.0.38",
      "@types/react-dom": "^18.0.11",
      "babel-loader": "^9.1.2",
      "clean-webpack-plugin": "^4.0.0",
      "compression-webpack-plugin": "^10.0.0",
      "css-loader": "^6.7.3",
      "css-minimizer-webpack-plugin": "^5.0.0",
      "handlebars": "^4.7.7",
      "handlebars-loader": "^1.7.3",
      "html-webpack-plugin": "^5.5.1",
      "image-minimizer-webpack-plugin": "^3.8.2",
      "mini-css-extract-plugin": "^2.7.5",
      "react": "^18.2.0",
      "react-dom": "^18.2.0",
      "sass": "^1.62.0",
      "sass-loader": "^13.2.2",
      "style-loader": "^3.3.2",
      "terser-webpack-plugin": "^5.3.7",
      "ts-loader": "^9.4.2",
      "typescript": "^5.0.4",
      "webpack": "^5.80.0",
      "webpack-bundle-analyzer": "^4.8.0",
      "webpack-cli": "^5.0.2",
      "webpack-dev-server": "^4.13.3",
      "webpack-merge": "^5.8.0"
    }
  }

yarn manifest: 
  No manifest

Lockfile: 
  No lockfile
